C51 COMPILER V9.52.0.0   MAIN                                                              09/26/2016 05:31:55 PAGE 1   


C51 COMPILER V9.52.0.0, COMPILATION OF MODULE MAIN
OBJECT MODULE PLACED IN main.OBJ
COMPILER INVOKED BY: D:\install\keil\C51\BIN\C51.EXE main.c BROWSE DEBUG OBJECTEXTEND TABS(2)

line level    source

   1          
   2          
   3          #include "reg51.H"
   4          
   5          void UartInit(void)   //9600bps@11.0592MHz
   6          {
   7   1        TMOD=0x20;
   8   1        TH1=0xfd;
   9   1        TL1=0xfd;
  10   1        TR1=1;
  11   1        REN=1;
  12   1        SM0=0;
  13   1        SM1=1;
  14   1        REN=1;
  15   1        EA=1;
  16   1        ES=1;
  17   1      }
  18          
  19          void SendChar(unsigned char Char)
  20          { 
  21   1        SBUF=Char;
  22   1        while(!TI);
  23   1        TI=0;
  24   1      }
  25          
  26          void  SendString(unsigned char *p)
  27          {
  28   1        while(*p)
  29   1        {
  30   2          SendChar(*p);
  31   2          p++;
  32   2        }
  33   1      }
  34          
  35          void main()
  36          {
  37   1      UartInit();
  38   1      SendString("finish!");
  39   1      while(1);
  40   1      }


MODULE INFORMATION:   STATIC OVERLAYABLE
   CODE SIZE        =     65    ----
   CONSTANT SIZE    =      8    ----
   XDATA SIZE       =   ----    ----
   PDATA SIZE       =   ----    ----
   DATA SIZE        =   ----    ----
   IDATA SIZE       =   ----    ----
   BIT SIZE         =   ----    ----
END OF MODULE INFORMATION.


C51 COMPILATION COMPLETE.  0 WARNING(S),  0 ERROR(S)
